c:\users\pc\documents\visual studio 2017\projects\dx11-playground\dx11-playground\debug\dx11-playground.pch
c:\users\pc\documents\visual studio 2017\projects\dx11-playground\dx11-playground\debug\vc141.pdb
c:\users\pc\documents\visual studio 2017\projects\dx11-playground\dx11-playground\debug\vc141.idb
c:\users\pc\documents\visual studio 2017\projects\dx11-playground\dx11-playground\debug\stdafx.obj
c:\users\pc\documents\visual studio 2017\projects\dx11-playground\dx11-playground\debug\dx11-playground.obj
c:\users\pc\documents\visual studio 2017\projects\dx11-playground\debug\shader.cso
c:\users\pc\documents\visual studio 2017\projects\dx11-playground\debug\dx11-playground.ilk
c:\users\pc\documents\visual studio 2017\projects\dx11-playground\debug\dx11-playground.exe
c:\users\pc\documents\visual studio 2017\projects\dx11-playground\debug\dx11-playground.pdb
c:\users\pc\documents\visual studio 2017\projects\dx11-playground\dx11-playground\debug\dx11-playground.res
c:\users\default.desktop-aea1ai9\desktop\repos\dx11playground\dx11playground\dx11-playground\debug\dx11-playground.obj
c:\users\default.desktop-aea1ai9\desktop\repos\dx11playground\dx11playground\dx11-playground\debug\stdafx.obj
c:\users\default.desktop-aea1ai9\desktop\repos\dx11playground\dx11playground\dx11-playground\debug\dx11-playground.res
c:\users\default.desktop-aea1ai9\desktop\repos\dx11playground\dx11playground\dx11-playground\debug\dx11-playground.pch
c:\users\default.desktop-aea1ai9\desktop\repos\dx11playground\dx11playground\dx11-playground\debug\vc141.idb
c:\users\default.desktop-aea1ai9\desktop\repos\dx11playground\dx11playground\dx11-playground\debug\vc141.pdb
c:\users\default.desktop-aea1ai9\desktop\repos\dx11playground\dx11playground\debug\dx11-playground.pdb
c:\users\default.desktop-aea1ai9\desktop\repos\dx11playground\dx11playground\debug\dx11-playground.exe
c:\users\default.desktop-aea1ai9\desktop\repos\dx11playground\dx11playground\debug\dx11-playground.ilk
c:\users\default.desktop-aea1ai9\desktop\repos\dx11playground\dx11playground\dx11-playground\debug\dx11-playground.tlog\cl.command.1.tlog
c:\users\default.desktop-aea1ai9\desktop\repos\dx11playground\dx11playground\dx11-playground\debug\dx11-playground.tlog\cl.read.1.tlog
c:\users\default.desktop-aea1ai9\desktop\repos\dx11playground\dx11playground\dx11-playground\debug\dx11-playground.tlog\cl.write.1.tlog
c:\users\default.desktop-aea1ai9\desktop\repos\dx11playground\dx11playground\dx11-playground\debug\dx11-playground.tlog\dx11-playground.write.1u.tlog
c:\users\default.desktop-aea1ai9\desktop\repos\dx11playground\dx11playground\dx11-playground\debug\dx11-playground.tlog\fxc.command.1.tlog
c:\users\default.desktop-aea1ai9\desktop\repos\dx11playground\dx11playground\dx11-playground\debug\dx11-playground.tlog\fxc.read.1.tlog
c:\users\default.desktop-aea1ai9\desktop\repos\dx11playground\dx11playground\dx11-playground\debug\dx11-playground.tlog\fxc.write.1.tlog
c:\users\default.desktop-aea1ai9\desktop\repos\dx11playground\dx11playground\dx11-playground\debug\dx11-playground.tlog\link.command.1.tlog
c:\users\default.desktop-aea1ai9\desktop\repos\dx11playground\dx11playground\dx11-playground\debug\dx11-playground.tlog\link.read.1.tlog
c:\users\default.desktop-aea1ai9\desktop\repos\dx11playground\dx11playground\dx11-playground\debug\dx11-playground.tlog\link.write.1.tlog
c:\users\default.desktop-aea1ai9\desktop\repos\dx11playground\dx11playground\dx11-playground\debug\dx11-playground.tlog\rc.command.1.tlog
c:\users\default.desktop-aea1ai9\desktop\repos\dx11playground\dx11playground\dx11-playground\debug\dx11-playground.tlog\rc.read.1.tlog
c:\users\default.desktop-aea1ai9\desktop\repos\dx11playground\dx11playground\dx11-playground\debug\dx11-playground.tlog\rc.write.1.tlog
